[2023/10/20 12:43:33] ====================== Ventoy Plugson =========================
[2023/10/20 12:43:33] Current Directory <C:\Users\Joakim\Downloads\ventoy-1.0.96-windows\ventoy-1.0.96>
[2023/10/20 12:43:33] Exe file path <C:\Users\Joakim\Downloads\ventoy-1.0.96-windows\ventoy-1.0.96\VentoyPlugson.exe>
[2023/10/20 12:43:33] Current directory check OK.
[2023/10/20 12:43:33] ===============================================
[2023/10/20 12:43:33] ========= Ventoy Plugson 127.0.0.1:24681 =========
[2023/10/20 12:43:33] ===============================================
[2023/10/20 12:43:33] ventoy disk init ...
[2023/10/20 12:43:33] Partition offset is NOT 1MB. This is NOT ventoy image partition (658505728)
[2023/10/20 12:43:33] C: is NOT ventoy disk
[2023/10/20 12:43:33] Partition offset is NOT 1MB. This is NOT ventoy image partition (16777216)
[2023/10/20 12:43:33] D: is NOT ventoy disk
[2023/10/20 12:43:33] E: is ventoy disk
[2023/10/20 12:43:33] xzlen:1017880 rawdata size:3594240
[2023/10/20 12:43:33] Plugson buildtime 20230623 19:05:00
[2023/10/20 12:43:33] Total extract 129 files from tar file.
[2023/10/20 12:43:36] ventoy disk exit ...
[2023/10/20 12:43:36] ventoy disk init ...
[2023/10/20 12:43:36] Partition offset is NOT 1MB. This is NOT ventoy image partition (658505728)
[2023/10/20 12:43:36] C: is NOT ventoy disk
[2023/10/20 12:43:36] Partition offset is NOT 1MB. This is NOT ventoy image partition (16777216)
[2023/10/20 12:43:36] D: is NOT ventoy disk
[2023/10/20 12:43:36] E: is ventoy disk
[2023/10/20 12:43:37] VentoyStartService ...
[2023/10/20 12:43:37] Start service at E: Samsung Portable SSD T5 1.0.96 ...
[2023/10/20 14:39:44] ====================== Ventoy Plugson =========================
[2023/10/20 14:39:44] Current Directory <C:\Users\Joakim\Downloads\ventoy-1.0.96-windows\ventoy-1.0.96>
[2023/10/20 14:39:44] Exe file path <C:\Users\Joakim\Downloads\ventoy-1.0.96-windows\ventoy-1.0.96\VentoyPlugson.exe>
[2023/10/20 14:39:44] Current directory check OK.
[2023/10/20 14:39:44] ===============================================
[2023/10/20 14:39:44] ========= Ventoy Plugson 127.0.0.1:24681 =========
[2023/10/20 14:39:44] ===============================================
[2023/10/20 14:39:44] ventoy disk init ...
[2023/10/20 14:39:44] Partition offset is NOT 1MB. This is NOT ventoy image partition (658505728)
[2023/10/20 14:39:44] C: is NOT ventoy disk
[2023/10/20 14:39:44] Partition offset is NOT 1MB. This is NOT ventoy image partition (16777216)
[2023/10/20 14:39:44] D: is NOT ventoy disk
[2023/10/20 14:39:44] E: is ventoy disk
[2023/10/20 14:39:44] xzlen:1017880 rawdata size:3594240
[2023/10/20 14:39:44] Plugson buildtime 20230623 19:05:00
[2023/10/20 14:39:44] Total extract 129 files from tar file.
[2023/10/20 14:39:45] VentoyStartService ...
[2023/10/20 14:39:45] Start service at E: Samsung Portable SSD T5 1.0.96 ...
[2023/11/16 12:51:00] ====================== Ventoy Plugson =========================
[2023/11/16 12:51:00] Current Directory <C:\SHARED\BOOT-LABB\SOFTWARE\ventoy-1.0.96>
[2023/11/16 12:51:00] Exe file path <C:\SHARED\BOOT-LABB\SOFTWARE\ventoy-1.0.96\VentoyPlugson.exe>
[2023/11/16 12:51:00] Current directory check OK.
[2023/11/16 12:51:00] ===============================================
[2023/11/16 12:51:00] ========= Ventoy Plugson 127.0.0.1:24681 =========
[2023/11/16 12:51:00] ===============================================
[2023/11/16 12:51:00] ventoy disk init ...
[2023/11/16 12:51:00] Partition offset is NOT 1MB. This is NOT ventoy image partition (658505728)
[2023/11/16 12:51:00] C: is NOT ventoy disk
[2023/11/16 12:51:00] Partition offset is NOT 1MB. This is NOT ventoy image partition (0)
[2023/11/16 12:51:00] D: is NOT ventoy disk
[2023/11/16 12:51:00] E: is ventoy disk
[2023/11/16 12:51:00] xzlen:1017880 rawdata size:3594240
[2023/11/16 12:51:00] Plugson buildtime 20230623 19:05:00
[2023/11/16 12:51:00] Total extract 129 files from tar file.
[2023/11/16 12:51:02] VentoyStartService ...
[2023/11/16 12:51:02] Start service at E: Kingston DataTraveler 3.0 1.0.96 ...
[2023/11/16 14:01:22] ====================== Ventoy Plugson =========================
[2023/11/16 14:01:22] Current Directory <C:\SHARED\BOOT-LABB\SOFTWARE\ventoy-1.0.96>
[2023/11/16 14:01:22] Exe file path <C:\SHARED\BOOT-LABB\SOFTWARE\ventoy-1.0.96\VentoyPlugson.exe>
[2023/11/16 14:01:22] Current directory check OK.
[2023/11/16 14:01:22] ===============================================
[2023/11/16 14:01:22] ========= Ventoy Plugson 127.0.0.1:24681 =========
[2023/11/16 14:01:22] ===============================================
[2023/11/16 14:01:22] ventoy disk init ...
[2023/11/16 14:01:22] Partition offset is NOT 1MB. This is NOT ventoy image partition (658505728)
[2023/11/16 14:01:22] C: is NOT ventoy disk
[2023/11/16 14:01:22] Partition offset is NOT 1MB. This is NOT ventoy image partition (0)
[2023/11/16 14:01:22] D: is NOT ventoy disk
[2023/11/16 14:01:41] E: is ventoy disk
[2023/11/16 14:01:41] F: is ventoy disk
[2023/11/16 14:01:41] xzlen:1017880 rawdata size:3594240
[2023/11/16 14:01:41] Plugson buildtime 20230623 19:05:00
[2023/11/16 14:01:41] Total extract 129 files from tar file.
[2023/11/16 14:01:45] VentoyStartService ...
[2023/11/16 14:01:45] Start service at F: Samsung PSSD T7 1.0.96 ...
[2024/08/12 14:39:44] ====================== Ventoy Plugson =========================
[2024/08/12 14:39:44] Current Directory <C:\Users\admin\Desktop\ventoy-1.0.96>
[2024/08/12 14:39:44] Exe file path <C:\Users\admin\Desktop\ventoy-1.0.96\VentoyPlugson.exe>
[2024/08/12 14:39:44] Current directory check OK.
[2024/08/12 14:39:44] ===============================================
[2024/08/12 14:39:44] ========= Ventoy Plugson 127.0.0.1:24681 =========
[2024/08/12 14:39:44] ===============================================
[2024/08/12 14:39:44] ventoy disk init ...
[2024/08/12 14:39:44] Partition offset is NOT 1MB. This is NOT ventoy image partition (344981504)
[2024/08/12 14:39:44] C: is NOT ventoy disk
[2024/08/12 14:39:44] Invalid MBR Code 0
[2024/08/12 14:39:44] GetVentoyVersion failed 183
[2024/08/12 14:39:44] D: is NOT ventoy disk
[2024/08/12 14:39:44] E: is ventoy disk
[2024/08/12 14:39:44] CreateFileA \\.\R: failed 1909
[2024/08/12 14:39:44] GetPhyDriveByLogicalDrive failed -1 0
[2024/08/12 14:39:44] R: is NOT ventoy disk
[2024/08/12 14:39:44] CreateFileA \\.\V: failed 53
[2024/08/12 14:39:44] GetPhyDriveByLogicalDrive failed -1 0
[2024/08/12 14:39:44] V: is NOT ventoy disk
[2024/08/12 14:39:44] CreateFileA \\.\W: failed 53
[2024/08/12 14:39:44] GetPhyDriveByLogicalDrive failed -1 0
[2024/08/12 14:39:44] W: is NOT ventoy disk
[2024/08/12 14:39:44] xzlen:1017880 rawdata size:3594240
[2024/08/12 14:39:44] Plugson buildtime 20230623 19:05:00
[2024/08/12 14:39:44] Total extract 129 files from tar file.
[2024/08/12 14:39:46] VentoyStartService ...
[2024/08/12 14:39:46] Start service at E: Samsung Portable SSD T5 1.0.96 ...
[2024/08/12 14:46:17] ====================== Ventoy Plugson =========================
[2024/08/12 14:46:17] Current Directory <C:\Users\admin\Desktop\ventoy-1.0.96>
[2024/08/12 14:46:17] Exe file path <C:\Users\admin\Desktop\ventoy-1.0.96\VentoyPlugson.exe>
[2024/08/12 14:46:17] Current directory check OK.
[2024/08/12 14:46:17] ===============================================
[2024/08/12 14:46:17] ========= Ventoy Plugson 127.0.0.1:24681 =========
[2024/08/12 14:46:17] ===============================================
[2024/08/12 14:46:17] ventoy disk init ...
[2024/08/12 14:46:17] Partition offset is NOT 1MB. This is NOT ventoy image partition (344981504)
[2024/08/12 14:46:17] C: is NOT ventoy disk
[2024/08/12 14:46:17] Invalid MBR Code 0
[2024/08/12 14:46:17] GetVentoyVersion failed 183
[2024/08/12 14:46:17] D: is NOT ventoy disk
[2024/08/12 14:46:18] E: is ventoy disk
[2024/08/12 14:46:18] CreateFileA \\.\R: failed 1326
[2024/08/12 14:46:18] GetPhyDriveByLogicalDrive failed -1 0
[2024/08/12 14:46:18] R: is NOT ventoy disk
[2024/08/12 14:46:34] CreateFileA \\.\V: failed 53
[2024/08/12 14:46:34] GetPhyDriveByLogicalDrive failed -1 0
[2024/08/12 14:46:34] V: is NOT ventoy disk
[2024/08/12 14:46:34] CreateFileA \\.\W: failed 53
[2024/08/12 14:46:34] GetPhyDriveByLogicalDrive failed -1 0
[2024/08/12 14:46:34] W: is NOT ventoy disk
[2024/08/12 14:46:34] xzlen:1017880 rawdata size:3594240
[2024/08/12 14:46:34] Plugson buildtime 20230623 19:05:00
[2024/08/12 14:46:34] Total extract 129 files from tar file.
[2024/08/12 14:46:36] VentoyStartService ...
[2024/08/12 14:46:36] Start service at E: Samsung Portable SSD T5 1.0.96 ...
